
Showing logs for build [32mmeta-carlossg-croc-hunter-jenki-1[0m stage [32mmeta-pipeline[0m and container [32mstep-credential-initializer-f4pmn[0m
{"level":"warn","ts":1567774365.2847912,"logger":"fallback-logger","caller":"logging/config.go:69","msg":"Fetch GitHub commit ID from kodata failed: \"ref: refs/heads/master\" is not a valid GitHub commit ID"}
{"level":"info","ts":1567774365.2861526,"logger":"fallback-logger","caller":"creds-init/main.go:40","msg":"Credentials initialized."}

Showing logs for build [32mmeta-carlossg-croc-hunter-jenki-1[0m stage [32mmeta-pipeline[0m and container [32mstep-working-dir-initializer-fp6fp[0m
{"level":"warn","ts":1567774367.537062,"logger":"fallback-logger","caller":"logging/config.go:69","msg":"Fetch GitHub commit ID from kodata failed: open /var/run/ko/HEAD: no such file or directory"}
{"level":"info","ts":1567774367.5382652,"logger":"fallback-logger","caller":"bash/main.go:65","msg":"Successfully executed command \"mkdir -p /workspace/source\""}

Showing logs for build [32mmeta-carlossg-croc-hunter-jenki-1[0m stage [32mmeta-pipeline[0m and container [32mstep-place-tools[0m

Showing logs for build [32mmeta-carlossg-croc-hunter-jenki-1[0m stage [32mmeta-pipeline[0m and container [32mstep-git-source-meta-carlossg-croc-hunter-jenki-5p7ql[0m
{"level":"warn","ts":1567774461.0685592,"logger":"fallback-logger","caller":"logging/config.go:69","msg":"Fetch GitHub commit ID from kodata failed: \"ref: refs/heads/master\" is not a valid GitHub commit ID"}
{"level":"info","ts":1567774461.3984969,"logger":"fallback-logger","caller":"git/git.go:102","msg":"Successfully cloned https://github.com/********/croc-hunter-jenkinsx.git @ deb6cc7357240774520fdb91e54502f4b52c28b4 in path /workspace/source"}

Showing logs for build [32mmeta-carlossg-croc-hunter-jenki-1[0m stage [32mmeta-pipeline[0m and container [32mstep-git-merge[0m
Using SHAs from PULL_REFS=master:deb6cc7357240774520fdb91e54502f4b52c28b4
WARNING: no SHAs to merge, falling back to initial cloned commit

Showing logs for build [32mmeta-carlossg-croc-hunter-jenki-1[0m stage [32mmeta-pipeline[0m and container [32mstep-merge-pull-refs[0m
SKIP merge-pull-refs: Nothing to merge

Showing logs for build [32mmeta-carlossg-croc-hunter-jenki-1[0m stage [32mmeta-pipeline[0m and container [32mstep-create-effective-pipeline[0m
Deleting and cloning the Jenkins X versions repo
Cloning the Jenkins X versions repo https://github.com/jenkins-x/jenkins-x-versions.git with ref refs/heads/master to /builder/home/.**/jenkins-x-versions
Effective pipeline written to jenkins-x-effective.yml

Showing logs for build [32mmeta-carlossg-croc-hunter-jenki-1[0m stage [32mmeta-pipeline[0m and container [32mstep-create-tekton-crds[0m
running command: echo \$(**-release-version) > VERSION

running command: ** step tag --version \$(cat VERSION)
Updating chart version in charts/croc-hunter-jenkinsx/Chart.yaml to 0.0.60
Updating repository in charts/croc-hunter-jenkinsx/values.yaml to gcr.io/api-project-642841493686/croc-hunter-jenkinsx
Updating tag in charts/croc-hunter-jenkinsx/values.yaml to 0.0.60
Tag v0.0.60 created and pushed to remote origin

PipelineActivity for ********-croc-hunter-jenkinsx-master-1
Applying changes 
upserted PipelineResource ********-croc-hunter-jenkinsx-m for the git repository https://github.com/********/croc-hunter-jenkinsx.git
upserted Task ********-croc-hunter-jenkinsx-m-from-build-pack-1
upserted Pipeline ********-croc-hunter-jenkinsx-m-1
created PipelineRun ********-croc-hunter-jenkinsx-m-1
created PipelineStructure ********-croc-hunter-jenkinsx-m-1

waiting for stage [32mfrom-build-pack[0m : container [32mstep-credential-initializer-8m7gm[0m to start...


Showing logs for build [32mmeta-carlossg-croc-hunter-jenki-1[0m stage [32mfrom-build-pack[0m and container [32mstep-credential-initializer-8m7gm[0m
{"level":"warn","ts":1567774476.005438,"logger":"fallback-logger","caller":"logging/config.go:69","msg":"Fetch GitHub commit ID from kodata failed: \"ref: refs/heads/master\" is not a valid GitHub commit ID"}
{"level":"info","ts":1567774476.006113,"logger":"fallback-logger","caller":"creds-init/main.go:40","msg":"Credentials initialized."}

waiting for stage [32mfrom-build-pack[0m : container [32mstep-working-dir-initializer-rwhjr[0m to start...


Showing logs for build [32mmeta-carlossg-croc-hunter-jenki-1[0m stage [32mfrom-build-pack[0m and container [32mstep-working-dir-initializer-rwhjr[0m
{"level":"warn","ts":1567774476.7566378,"logger":"fallback-logger","caller":"logging/config.go:69","msg":"Fetch GitHub commit ID from kodata failed: open /var/run/ko/HEAD: no such file or directory"}
{"level":"info","ts":1567774476.7583892,"logger":"fallback-logger","caller":"bash/main.go:65","msg":"Successfully executed command \"mkdir -p /workspace/source /workspace/source/charts/croc-hunter-jenkinsx\""}

waiting for stage [32mfrom-build-pack[0m : container [32mstep-place-tools[0m to start...


Showing logs for build [32mmeta-carlossg-croc-hunter-jenki-1[0m stage [32mfrom-build-pack[0m and container [32mstep-place-tools[0m

waiting for stage [32mfrom-build-pack[0m : container [32mstep-git-source-carlossg-croc-hunter-jenkinsx-m-jw5tj[0m to start...


Showing logs for build [32mmeta-carlossg-croc-hunter-jenki-1[0m stage [32mfrom-build-pack[0m and container [32mstep-git-source-carlossg-croc-hunter-jenkinsx-m-jw5tj[0m
{"level":"warn","ts":1567774703.296254,"logger":"fallback-logger","caller":"logging/config.go:69","msg":"Fetch GitHub commit ID from kodata failed: \"ref: refs/heads/master\" is not a valid GitHub commit ID"}
{"level":"info","ts":1567774704.6009834,"logger":"fallback-logger","caller":"git/git.go:102","msg":"Successfully cloned https://github.com/********/croc-hunter-jenkinsx.git @ v0.0.60 in path /workspace/source"}

waiting for stage [32mfrom-build-pack[0m : container [32mstep-git-merge[0m to start...


Showing logs for build [32mmeta-carlossg-croc-hunter-jenki-1[0m stage [32mfrom-build-pack[0m and container [32mstep-git-merge[0m
Using SHAs from PULL_REFS=master:deb6cc7357240774520fdb91e54502f4b52c28b4
WARNING: no SHAs to merge, falling back to initial cloned commit

waiting for stage [32mfrom-build-pack[0m : container [32mstep-setup-jx-git-credentials[0m to start...


Showing logs for build [32mmeta-carlossg-croc-hunter-jenki-1[0m stage [32mfrom-build-pack[0m and container [32mstep-setup-jx-git-credentials[0m
Generated Git credentials file /workspace/xdg_config/git/credentials

waiting for stage [32mfrom-build-pack[0m : container [32mstep-build-make-build[0m to start...


Showing logs for build [32mmeta-carlossg-croc-hunter-jenki-1[0m stage [32mfrom-build-pack[0m and container [32mstep-build-make-build[0m
echo "{ \"release\": \"0.0.60\"," > config.json
echo "  \"commit\": \"5c8cb04f06369fc87ea9ff6a77b07e920f806f59\"," >> config.json
echo "  \"powered\": \"Jenkins X\" }" >> config.json
CGO_ENABLED=0 GO15VENDOREXPERIMENT=1 go build -ldflags '' -o bin/croc-hunter-jenkinsx croc-hunter.go

waiting for stage [32mfrom-build-pack[0m : container [32mstep-build-container-build[0m to start...


Showing logs for build [32mmeta-carlossg-croc-hunter-jenki-1[0m stage [32mfrom-build-pack[0m and container [32mstep-build-container-build[0m
[36mINFO[0m[0000] No base image, nothing to extract            
[36mINFO[0m[0000] cmd: EXPOSE                                  
[36mINFO[0m[0000] Adding exposed port: 8080/tcp                
[36mINFO[0m[0000] Using files from context: [/workspace/source/config.json] 
[36mINFO[0m[0000] Using files from context: [/workspace/source/bin] 
[36mINFO[0m[0000] Using files from context: [/workspace/source/static] 
[36mINFO[0m[0000] Skipping unpacking as no commands require it. 
[36mINFO[0m[0000] Taking snapshot of full filesystem...        
[36mINFO[0m[0000] EXPOSE 8080                                  
[36mINFO[0m[0000] cmd: EXPOSE                                  
[36mINFO[0m[0000] Adding exposed port: 8080/tcp                
[36mINFO[0m[0000] No files changed in this command, skipping snapshotting. 
[36mINFO[0m[0000] ENTRYPOINT ["/croc-hunter-jenkinsx"]         
[36mINFO[0m[0000] No files changed in this command, skipping snapshotting. 
[36mINFO[0m[0000] Using files from context: [/workspace/source/config.json] 
[36mINFO[0m[0000] COPY config.json /                           
[36mINFO[0m[0000] Taking snapshot of files...                  
[36mINFO[0m[0000] Using files from context: [/workspace/source/bin] 
[36mINFO[0m[0000] COPY ./bin/ /                                
[36mINFO[0m[0000] Taking snapshot of files...                  
[36mINFO[0m[0000] Using files from context: [/workspace/source/static] 
[36mINFO[0m[0000] COPY static/ static/                         
[36mINFO[0m[0000] Taking snapshot of files...                  
2019/09/06 12:58:44 pushed blob: sha256:3c84581a6d303a2e2717b3477f23dc0af9e60ebb2db73b2ce2878b5b55989690
2019/09/06 12:58:44 pushed blob: sha256:4893ca614d62e8bf0eef4cadc80ed23eecb41b0df32fcf48b84d0ec52cba711a
2019/09/06 12:58:44 pushed blob: sha256:76f88319b132cafc435415eca3848111a2ca8d2f9cf68317733c3de3bf56f055
2019/09/06 12:58:45 pushed blob: sha256:26f5c453d7d6a303ddf47bfe3cb1d331abd07d33ae057bbdfa2c2815cf1cddf5
2019/09/06 12:58:45 gcr.io/api-project-642841493686/croc-hunter-jenkinsx:0.0.60: digest: sha256:756ae0957921c98fb4d5cba82bb71e9840b28a274a7cff8f620a9c6a1a58785b size: 751

waiting for stage [32mfrom-build-pack[0m : container [32mstep-build-post-build[0m to start...


Showing logs for build [32mmeta-carlossg-croc-hunter-jenki-1[0m stage [32mfrom-build-pack[0m and container [32mstep-build-post-build[0m
no CVE provider running in the current ** namespace so skip adding image to be analysed

waiting for stage [32mfrom-build-pack[0m : container [32mstep-promote-changelog[0m to start...


Showing logs for build [32mmeta-carlossg-croc-hunter-jenki-1[0m stage [32mfrom-build-pack[0m and container [32mstep-promote-changelog[0m
Converted /workspace/source/charts/croc-hunter-jenkinsx to an unshallow repository
Generating change log from git ref 927923a19f0d51f451342ba3af5a1076809aee8c => 5c8cb04f06369fc87ea9ff6a77b07e920f806f59
WARNING: No release found for ********/croc-hunter-jenkinsx and tag v0.0.60 so creating a new release
Updated the release information at https://github.com/********/croc-hunter-jenkinsx/releases/tag/v0.0.60
generated: /workspace/source/charts/croc-hunter-jenkinsx/templates/release.yaml
Created Release croc-hunter-jenkinsx-0-0-60 resource in namespace **
Updating PipelineActivity ********-croc-hunter-jenkinsx-master-1 with version 0.0.60
Updated PipelineActivities ********-croc-hunter-jenkinsx-master-1 with release notes URL: https://github.com/********/croc-hunter-jenkinsx/releases/tag/v0.0.60

waiting for stage [32mfrom-build-pack[0m : container [32mstep-promote-helm-release[0m to start...


Showing logs for build [32mmeta-carlossg-croc-hunter-jenki-1[0m stage [32mfrom-build-pack[0m and container [32mstep-promote-helm-release[0m
WARNING: No $CHART_REPOSITORY defined so using the default value of: http://jenkins-x-chartmuseum:8080
Adding missing Helm repo: storage.googleapis.com https://storage.googleapis.com/chartmuseum.jenkins-x.io
Successfully added Helm repository storage.googleapis.com.
Adding missing Helm repo: jenkins-x-chartmuseum http://jenkins-x-chartmuseum:8080
Successfully added Helm repository jenkins-x-chartmuseum.
WARNING: No $CHART_REPOSITORY defined so using the default value of: http://jenkins-x-chartmuseum:8080
Uploading chart file croc-hunter-jenkinsx-0.0.60.tgz to http://jenkins-x-chartmuseum:8080/api/charts
Received 201 response: {"saved":true}

waiting for stage [32mfrom-build-pack[0m : container [32mstep-promote-jx-promote[0m to start...


Showing logs for build [32mmeta-carlossg-croc-hunter-jenki-1[0m stage [32mfrom-build-pack[0m and container [32mstep-promote-jx-promote[0m
WARNING: prow based install so skip waiting for the merge of Pull Requests to go green as currently there is an issue with gettingstatuses from the PR, see https://github.com/jenkins-x/**/issues/2410
Promoting app croc-hunter-jenkinsx version 0.0.60 to namespace **-staging
Created Pull Request: https://github.com/********/environment-**-rocks-us-staging/pull/64
Pull Request https://github.com/********/environment-**-rocks-us-staging/pull/64 is merged at sha eb3b160f7e5a641380d2065bcfd6b9fb13d97655
Pull Request merged but we are not waiting for the update pipeline to complete!
WARNING: Could not find the service URL in namespace **-staging for names croc-hunter-jenkinsx, **-croc-hunter-jenkinsx, **-staging-croc-hunter-jenkinsx
